[debug] [2021-12-10T09:15:43.817Z] ----------------------------------------------------------------------
[debug] [2021-12-10T09:15:43.820Z] Command:       C:\Program Files\nodejs\node.exe C:\Users\Dinesh\AppData\Roaming\npm\node_modules\firebase-tools\lib\bin\firebase.js deploy
[debug] [2021-12-10T09:15:43.820Z] CLI Version:   9.23.1
[debug] [2021-12-10T09:15:43.820Z] Platform:      win32
[debug] [2021-12-10T09:15:43.820Z] Node Version:  v16.8.0
[debug] [2021-12-10T09:15:43.828Z] Time:          Fri Dec 10 2021 14:45:43 GMT+0530 (India Standard Time)
[debug] [2021-12-10T09:15:43.828Z] ----------------------------------------------------------------------
[debug] 
[debug] [2021-12-10T09:15:43.882Z] > command requires scopes: ["email","openid","https://www.googleapis.com/auth/cloudplatformprojects.readonly","https://www.googleapis.com/auth/firebase","https://www.googleapis.com/auth/cloud-platform"]
[debug] [2021-12-10T09:15:43.882Z] > authorizing via signed-in user (dineshchandran311@gmail.com)
[debug] [2021-12-10T09:15:43.882Z] [iam] checking project todo-app-cd311 for permissions ["firebase.projects.get","firebasehosting.sites.update"]
[debug] [2021-12-10T09:15:43.885Z] >>> HTTP REQUEST POST https://cloudresourcemanager.googleapis.com/v1/projects/todo-app-cd311:testIamPermissions  
 {"permissions":["firebase.projects.get","firebasehosting.sites.update"]}
[debug] [2021-12-10T09:15:46.137Z] <<< HTTP RESPONSE 200 {"content-type":"application/json; charset=UTF-8","vary":"X-Origin, Referer, Origin,Accept-Encoding","date":"Fri, 10 Dec 2021 09:15:47 GMT","server":"ESF","cache-control":"private","x-xss-protection":"0","x-frame-options":"SAMEORIGIN","x-content-type-options":"nosniff","server-timing":"gfet4t7; dur=1162","alt-svc":"h3=\":443\"; ma=2592000,h3-29=\":443\"; ma=2592000,h3-Q050=\":443\"; ma=2592000,h3-Q046=\":443\"; ma=2592000,h3-Q043=\":443\"; ma=2592000,quic=\":443\"; ma=2592000; v=\"46,43\"","accept-ranges":"none","transfer-encoding":"chunked"}
[debug] [2021-12-10T09:15:46.140Z] > refreshing access token with scopes: []
[debug] [2021-12-10T09:15:46.140Z] >>> HTTP REQUEST POST https://www.googleapis.com/oauth2/v3/token  
 <request body omitted>
[debug] [2021-12-10T09:16:07.382Z] Authentication Error: Your credentials are no longer valid. Please run firebase login --reauth

For CI servers and headless environments, generate a new token with firebase login:ci
[debug] [2021-12-10T09:16:07.818Z] FirebaseError: Authentication Error: Your credentials are no longer valid. Please run firebase login --reauth

For CI servers and headless environments, generate a new token with firebase login:ci
    at invalidCredentialError (C:\Users\Dinesh\AppData\Roaming\npm\node_modules\firebase-tools\lib\auth.js:141:12)
    at refreshTokens (C:\Users\Dinesh\AppData\Roaming\npm\node_modules\firebase-tools\lib\auth.js:448:15)
    at processTicksAndRejections (node:internal/process/task_queues:96:5)
    at async Client.getAccessToken (C:\Users\Dinesh\AppData\Roaming\npm\node_modules\firebase-tools\lib\apiv2.js:146:23)
    at async Client.addAuthHeader (C:\Users\Dinesh\AppData\Roaming\npm\node_modules\firebase-tools\lib\apiv2.js:137:21)
    at async Client.request (C:\Users\Dinesh\AppData\Roaming\npm\node_modules\firebase-tools\lib\apiv2.js:93:34)
    at async Object.getFirebaseProject (C:\Users\Dinesh\AppData\Roaming\npm\node_modules\firebase-tools\lib\management\projects.js:290:21)
    at async Object.getDefaultHostingSite (C:\Users\Dinesh\AppData\Roaming\npm\node_modules\firebase-tools\lib\getDefaultHostingSite.js:8:21)
    at async requireHostingSite (C:\Users\Dinesh\AppData\Roaming\npm\node_modules\firebase-tools\lib\requireHostingSite.js:9:18)
    at async Object.fn (C:\Users\Dinesh\AppData\Roaming\npm\node_modules\firebase-tools\lib\commands\deploy.js:73:9)
    at async C:\Users\Dinesh\AppData\Roaming\npm\node_modules\firebase-tools\lib\command.js:188:17
[error] 
[error] Error: Failed to get Firebase project todo-app-cd311. Please make sure the project exists and your account has permission to access it.
